2025-08-10T12:12:00.599+05:30  INFO 15600 --- [auth-service] [restartedMain] c.e.auth_service.AuthServiceApplication  : Starting AuthServiceApplication using Java 21.0.5 with PID 15600 (E:\DevOps\edu\backend\auth-service\target\classes started by smile in E:\DevOps\edu\backend\auth-service)
2025-08-10T12:12:00.623+05:30 DEBUG 15600 --- [auth-service] [restartedMain] c.e.auth_service.AuthServiceApplication  : Running with Spring Boot v3.5.3, Spring v6.2.8
2025-08-10T12:12:00.625+05:30  INFO 15600 --- [auth-service] [restartedMain] c.e.auth_service.AuthServiceApplication  : No active profile set, falling back to 1 default profile: "default"
2025-08-10T12:12:00.993+05:30  INFO 15600 --- [auth-service] [restartedMain] .e.DevToolsPropertyDefaultsPostProcessor : Devtools property defaults active! Set 'spring.devtools.add-properties' to 'false' to disable
2025-08-10T12:12:00.995+05:30  INFO 15600 --- [auth-service] [restartedMain] .e.DevToolsPropertyDefaultsPostProcessor : For additional web related logging consider setting the 'logging.level.web' property to 'DEBUG'
2025-08-10T12:12:03.668+05:30  INFO 15600 --- [auth-service] [restartedMain] .s.d.r.c.RepositoryConfigurationDelegate : Multiple Spring Data modules found, entering strict repository configuration mode
2025-08-10T12:12:03.668+05:30  INFO 15600 --- [auth-service] [restartedMain] .s.d.r.c.RepositoryConfigurationDelegate : Bootstrapping Spring Data R2DBC repositories in DEFAULT mode.
2025-08-10T12:12:04.067+05:30  INFO 15600 --- [auth-service] [restartedMain] .s.d.r.c.RepositoryConfigurationDelegate : Finished Spring Data repository scanning in 375 ms. Found 3 R2DBC repository interfaces.
2025-08-10T12:12:05.447+05:30  INFO 15600 --- [auth-service] [restartedMain] .s.d.r.c.RepositoryConfigurationDelegate : Multiple Spring Data modules found, entering strict repository configuration mode
2025-08-10T12:12:05.452+05:30  INFO 15600 --- [auth-service] [restartedMain] .s.d.r.c.RepositoryConfigurationDelegate : Bootstrapping Spring Data Redis repositories in DEFAULT mode.
2025-08-10T12:12:05.520+05:30  INFO 15600 --- [auth-service] [restartedMain] .RepositoryConfigurationExtensionSupport : Spring Data Redis - Could not safely identify store assignment for repository candidate interface com.eduhub.auth_service.repository.BlacklistedTokenRepository; If you want this repository to be a Redis repository, consider annotating your entities with one of these annotations: org.springframework.data.redis.core.RedisHash (preferred), or consider extending one of the following types with your repository: org.springframework.data.keyvalue.repository.KeyValueRepository
2025-08-10T12:12:05.522+05:30  INFO 15600 --- [auth-service] [restartedMain] .RepositoryConfigurationExtensionSupport : Spring Data Redis - Could not safely identify store assignment for repository candidate interface com.eduhub.auth_service.repository.OAuthUserRepository; If you want this repository to be a Redis repository, consider annotating your entities with one of these annotations: org.springframework.data.redis.core.RedisHash (preferred), or consider extending one of the following types with your repository: org.springframework.data.keyvalue.repository.KeyValueRepository
2025-08-10T12:12:05.522+05:30  INFO 15600 --- [auth-service] [restartedMain] .RepositoryConfigurationExtensionSupport : Spring Data Redis - Could not safely identify store assignment for repository candidate interface com.eduhub.auth_service.repository.UserRepository; If you want this repository to be a Redis repository, consider annotating your entities with one of these annotations: org.springframework.data.redis.core.RedisHash (preferred), or consider extending one of the following types with your repository: org.springframework.data.keyvalue.repository.KeyValueRepository
2025-08-10T12:12:05.524+05:30  INFO 15600 --- [auth-service] [restartedMain] .s.d.r.c.RepositoryConfigurationDelegate : Finished Spring Data repository scanning in 43 ms. Found 0 Redis repository interfaces.
2025-08-10T12:12:16.069+05:30  INFO 15600 --- [auth-service] [restartedMain] o.s.b.a.e.web.EndpointLinksResolver      : Exposing 3 endpoints beneath base path '/actuator'
2025-08-10T12:12:16.720+05:30  WARN 15600 --- [auth-service] [restartedMain] o.s.b.d.a.OptionalLiveReloadServer       : Unable to start LiveReload server
2025-08-10T12:12:17.252+05:30  INFO 15600 --- [auth-service] [restartedMain] o.a.k.clients.admin.AdminClientConfig    : AdminClientConfig values: 
	auto.include.jmx.reporter = true
	bootstrap.controllers = []
	bootstrap.servers = [localhost:29092]
	client.dns.lookup = use_all_dns_ips
	client.id = auth-service-admin-0
	connections.max.idle.ms = 300000
	default.api.timeout.ms = 60000
	enable.metrics.push = true
	metadata.max.age.ms = 300000
	metadata.recovery.strategy = none
	metric.reporters = []
	metrics.num.samples = 2
	metrics.recording.level = INFO
	metrics.sample.window.ms = 30000
	receive.buffer.bytes = 65536
	reconnect.backoff.max.ms = 1000
	reconnect.backoff.ms = 50
	request.timeout.ms = 30000
	retries = 2147483647
	retry.backoff.max.ms = 1000
	retry.backoff.ms = 100
	sasl.client.callback.handler.class = null
	sasl.jaas.config = null
	sasl.kerberos.kinit.cmd = /usr/bin/kinit
	sasl.kerberos.min.time.before.relogin = 60000
	sasl.kerberos.service.name = null
	sasl.kerberos.ticket.renew.jitter = 0.05
	sasl.kerberos.ticket.renew.window.factor = 0.8
	sasl.login.callback.handler.class = null
	sasl.login.class = null
	sasl.login.connect.timeout.ms = null
	sasl.login.read.timeout.ms = null
	sasl.login.refresh.buffer.seconds = 300
	sasl.login.refresh.min.period.seconds = 60
	sasl.login.refresh.window.factor = 0.8
	sasl.login.refresh.window.jitter = 0.05
	sasl.login.retry.backoff.max.ms = 10000
	sasl.login.retry.backoff.ms = 100
	sasl.mechanism = GSSAPI
	sasl.oauthbearer.clock.skew.seconds = 30
	sasl.oauthbearer.expected.audience = null
	sasl.oauthbearer.expected.issuer = null
	sasl.oauthbearer.header.urlencode = false
	sasl.oauthbearer.jwks.endpoint.refresh.ms = 3600000
	sasl.oauthbearer.jwks.endpoint.retry.backoff.max.ms = 10000
	sasl.oauthbearer.jwks.endpoint.retry.backoff.ms = 100
	sasl.oauthbearer.jwks.endpoint.url = null
	sasl.oauthbearer.scope.claim.name = scope
	sasl.oauthbearer.sub.claim.name = sub
	sasl.oauthbearer.token.endpoint.url = null
	security.protocol = PLAINTEXT
	security.providers = null
	send.buffer.bytes = 131072
	socket.connection.setup.timeout.max.ms = 30000
	socket.connection.setup.timeout.ms = 10000
	ssl.cipher.suites = null
	ssl.enabled.protocols = [TLSv1.2, TLSv1.3]
	ssl.endpoint.identification.algorithm = https
	ssl.engine.factory.class = null
	ssl.key.password = null
	ssl.keymanager.algorithm = SunX509
	ssl.keystore.certificate.chain = null
	ssl.keystore.key = null
	ssl.keystore.location = null
	ssl.keystore.password = null
	ssl.keystore.type = JKS
	ssl.protocol = TLSv1.3
	ssl.provider = null
	ssl.secure.random.implementation = null
	ssl.trustmanager.algorithm = PKIX
	ssl.truststore.certificates = null
	ssl.truststore.location = null
	ssl.truststore.password = null
	ssl.truststore.type = JKS

2025-08-10T12:12:17.642+05:30  INFO 15600 --- [auth-service] [restartedMain] o.a.kafka.common.utils.AppInfoParser     : Kafka version: 3.9.1
2025-08-10T12:12:17.644+05:30  INFO 15600 --- [auth-service] [restartedMain] o.a.kafka.common.utils.AppInfoParser     : Kafka commitId: f745dfdcee2b9851
2025-08-10T12:12:17.644+05:30  INFO 15600 --- [auth-service] [restartedMain] o.a.kafka.common.utils.AppInfoParser     : Kafka startTimeMs: 1754808137638
2025-08-10T12:12:17.687+05:30  INFO 15600 --- [auth-service] [kafka-admin-client-thread | auth-service-admin-0] org.apache.kafka.clients.NetworkClient   : [AdminClient clientId=auth-service-admin-0] Node -1 disconnected.
2025-08-10T12:12:17.692+05:30  WARN 15600 --- [auth-service] [kafka-admin-client-thread | auth-service-admin-0] org.apache.kafka.clients.NetworkClient   : [AdminClient clientId=auth-service-admin-0] Connection to node -1 (localhost/127.0.0.1:29092) could not be established. Node may not be available.
2025-08-10T12:12:17.804+05:30  INFO 15600 --- [auth-service] [kafka-admin-client-thread | auth-service-admin-0] org.apache.kafka.clients.NetworkClient   : [AdminClient clientId=auth-service-admin-0] Node -1 disconnected.
2025-08-10T12:12:17.804+05:30  WARN 15600 --- [auth-service] [kafka-admin-client-thread | auth-service-admin-0] org.apache.kafka.clients.NetworkClient   : [AdminClient clientId=auth-service-admin-0] Connection to node -1 (localhost/127.0.0.1:29092) could not be established. Node may not be available.
2025-08-10T12:12:17.922+05:30  INFO 15600 --- [auth-service] [kafka-admin-client-thread | auth-service-admin-0] org.apache.kafka.clients.NetworkClient   : [AdminClient clientId=auth-service-admin-0] Node -1 disconnected.
2025-08-10T12:12:17.925+05:30  WARN 15600 --- [auth-service] [kafka-admin-client-thread | auth-service-admin-0] org.apache.kafka.clients.NetworkClient   : [AdminClient clientId=auth-service-admin-0] Connection to node -1 (localhost/127.0.0.1:29092) could not be established. Node may not be available.
2025-08-10T12:12:18.248+05:30  INFO 15600 --- [auth-service] [kafka-admin-client-thread | auth-service-admin-0] org.apache.kafka.clients.NetworkClient   : [AdminClient clientId=auth-service-admin-0] Node -1 disconnected.
2025-08-10T12:12:18.248+05:30  WARN 15600 --- [auth-service] [kafka-admin-client-thread | auth-service-admin-0] org.apache.kafka.clients.NetworkClient   : [AdminClient clientId=auth-service-admin-0] Connection to node -1 (localhost/127.0.0.1:29092) could not be established. Node may not be available.
2025-08-10T12:12:18.685+05:30  INFO 15600 --- [auth-service] [kafka-admin-client-thread | auth-service-admin-0] org.apache.kafka.clients.NetworkClient   : [AdminClient clientId=auth-service-admin-0] Node -1 disconnected.
2025-08-10T12:12:18.689+05:30  WARN 15600 --- [auth-service] [kafka-admin-client-thread | auth-service-admin-0] org.apache.kafka.clients.NetworkClient   : [AdminClient clientId=auth-service-admin-0] Connection to node -1 (localhost/127.0.0.1:29092) could not be established. Node may not be available.
2025-08-10T12:12:19.677+05:30  INFO 15600 --- [auth-service] [kafka-admin-client-thread | auth-service-admin-0] org.apache.kafka.clients.NetworkClient   : [AdminClient clientId=auth-service-admin-0] Node -1 disconnected.
2025-08-10T12:12:19.677+05:30  WARN 15600 --- [auth-service] [kafka-admin-client-thread | auth-service-admin-0] org.apache.kafka.clients.NetworkClient   : [AdminClient clientId=auth-service-admin-0] Connection to node -1 (localhost/127.0.0.1:29092) could not be established. Node may not be available.
2025-08-10T12:12:20.569+05:30  INFO 15600 --- [auth-service] [kafka-admin-client-thread | auth-service-admin-0] org.apache.kafka.clients.NetworkClient   : [AdminClient clientId=auth-service-admin-0] Node -1 disconnected.
2025-08-10T12:12:20.571+05:30  WARN 15600 --- [auth-service] [kafka-admin-client-thread | auth-service-admin-0] org.apache.kafka.clients.NetworkClient   : [AdminClient clientId=auth-service-admin-0] Connection to node -1 (localhost/127.0.0.1:29092) could not be established. Node may not be available.
2025-08-10T12:12:21.568+05:30  INFO 15600 --- [auth-service] [kafka-admin-client-thread | auth-service-admin-0] org.apache.kafka.clients.NetworkClient   : [AdminClient clientId=auth-service-admin-0] Node -1 disconnected.
2025-08-10T12:12:21.568+05:30  WARN 15600 --- [auth-service] [kafka-admin-client-thread | auth-service-admin-0] org.apache.kafka.clients.NetworkClient   : [AdminClient clientId=auth-service-admin-0] Connection to node -1 (localhost/127.0.0.1:29092) could not be established. Node may not be available.
2025-08-10T12:12:22.656+05:30  INFO 15600 --- [auth-service] [kafka-admin-client-thread | auth-service-admin-0] org.apache.kafka.clients.NetworkClient   : [AdminClient clientId=auth-service-admin-0] Node -1 disconnected.
2025-08-10T12:12:22.656+05:30  WARN 15600 --- [auth-service] [kafka-admin-client-thread | auth-service-admin-0] org.apache.kafka.clients.NetworkClient   : [AdminClient clientId=auth-service-admin-0] Connection to node -1 (localhost/127.0.0.1:29092) could not be established. Node may not be available.
2025-08-10T12:12:23.547+05:30  INFO 15600 --- [auth-service] [kafka-admin-client-thread | auth-service-admin-0] org.apache.kafka.clients.NetworkClient   : [AdminClient clientId=auth-service-admin-0] Node -1 disconnected.
2025-08-10T12:12:23.549+05:30  WARN 15600 --- [auth-service] [kafka-admin-client-thread | auth-service-admin-0] org.apache.kafka.clients.NetworkClient   : [AdminClient clientId=auth-service-admin-0] Connection to node -1 (localhost/127.0.0.1:29092) could not be established. Node may not be available.
2025-08-10T12:12:24.550+05:30  INFO 15600 --- [auth-service] [kafka-admin-client-thread | auth-service-admin-0] org.apache.kafka.clients.NetworkClient   : [AdminClient clientId=auth-service-admin-0] Node -1 disconnected.
2025-08-10T12:12:24.550+05:30  WARN 15600 --- [auth-service] [kafka-admin-client-thread | auth-service-admin-0] org.apache.kafka.clients.NetworkClient   : [AdminClient clientId=auth-service-admin-0] Connection to node -1 (localhost/127.0.0.1:29092) could not be established. Node may not be available.
2025-08-10T12:12:25.558+05:30  INFO 15600 --- [auth-service] [kafka-admin-client-thread | auth-service-admin-0] org.apache.kafka.clients.NetworkClient   : [AdminClient clientId=auth-service-admin-0] Node -1 disconnected.
2025-08-10T12:12:25.558+05:30  WARN 15600 --- [auth-service] [kafka-admin-client-thread | auth-service-admin-0] org.apache.kafka.clients.NetworkClient   : [AdminClient clientId=auth-service-admin-0] Connection to node -1 (localhost/127.0.0.1:29092) could not be established. Node may not be available.
2025-08-10T12:12:26.566+05:30  INFO 15600 --- [auth-service] [kafka-admin-client-thread | auth-service-admin-0] org.apache.kafka.clients.NetworkClient   : [AdminClient clientId=auth-service-admin-0] Node -1 disconnected.
2025-08-10T12:12:26.569+05:30  WARN 15600 --- [auth-service] [kafka-admin-client-thread | auth-service-admin-0] org.apache.kafka.clients.NetworkClient   : [AdminClient clientId=auth-service-admin-0] Connection to node -1 (localhost/127.0.0.1:29092) could not be established. Node may not be available.
2025-08-10T12:12:27.568+05:30  INFO 15600 --- [auth-service] [kafka-admin-client-thread | auth-service-admin-0] org.apache.kafka.clients.NetworkClient   : [AdminClient clientId=auth-service-admin-0] Node -1 disconnected.
2025-08-10T12:12:27.570+05:30  WARN 15600 --- [auth-service] [kafka-admin-client-thread | auth-service-admin-0] org.apache.kafka.clients.NetworkClient   : [AdminClient clientId=auth-service-admin-0] Connection to node -1 (localhost/127.0.0.1:29092) could not be established. Node may not be available.
2025-08-10T12:12:28.442+05:30  INFO 15600 --- [auth-service] [kafka-admin-client-thread | auth-service-admin-0] org.apache.kafka.clients.NetworkClient   : [AdminClient clientId=auth-service-admin-0] Node -1 disconnected.
2025-08-10T12:12:28.442+05:30  WARN 15600 --- [auth-service] [kafka-admin-client-thread | auth-service-admin-0] org.apache.kafka.clients.NetworkClient   : [AdminClient clientId=auth-service-admin-0] Connection to node -1 (localhost/127.0.0.1:29092) could not be established. Node may not be available.
2025-08-10T12:12:29.306+05:30  INFO 15600 --- [auth-service] [kafka-admin-client-thread | auth-service-admin-0] org.apache.kafka.clients.NetworkClient   : [AdminClient clientId=auth-service-admin-0] Node -1 disconnected.
2025-08-10T12:12:29.306+05:30  WARN 15600 --- [auth-service] [kafka-admin-client-thread | auth-service-admin-0] org.apache.kafka.clients.NetworkClient   : [AdminClient clientId=auth-service-admin-0] Connection to node -1 (localhost/127.0.0.1:29092) could not be established. Node may not be available.
2025-08-10T12:12:30.297+05:30  INFO 15600 --- [auth-service] [kafka-admin-client-thread | auth-service-admin-0] org.apache.kafka.clients.NetworkClient   : [AdminClient clientId=auth-service-admin-0] Node -1 disconnected.
2025-08-10T12:12:30.297+05:30  WARN 15600 --- [auth-service] [kafka-admin-client-thread | auth-service-admin-0] org.apache.kafka.clients.NetworkClient   : [AdminClient clientId=auth-service-admin-0] Connection to node -1 (localhost/127.0.0.1:29092) could not be established. Node may not be available.
2025-08-10T12:12:31.396+05:30  INFO 15600 --- [auth-service] [kafka-admin-client-thread | auth-service-admin-0] org.apache.kafka.clients.NetworkClient   : [AdminClient clientId=auth-service-admin-0] Node -1 disconnected.
2025-08-10T12:12:31.398+05:30  WARN 15600 --- [auth-service] [kafka-admin-client-thread | auth-service-admin-0] org.apache.kafka.clients.NetworkClient   : [AdminClient clientId=auth-service-admin-0] Connection to node -1 (localhost/127.0.0.1:29092) could not be established. Node may not be available.
2025-08-10T12:12:32.283+05:30  INFO 15600 --- [auth-service] [kafka-admin-client-thread | auth-service-admin-0] org.apache.kafka.clients.NetworkClient   : [AdminClient clientId=auth-service-admin-0] Node -1 disconnected.
2025-08-10T12:12:32.283+05:30  WARN 15600 --- [auth-service] [kafka-admin-client-thread | auth-service-admin-0] org.apache.kafka.clients.NetworkClient   : [AdminClient clientId=auth-service-admin-0] Connection to node -1 (localhost/127.0.0.1:29092) could not be established. Node may not be available.
2025-08-10T12:12:33.386+05:30  INFO 15600 --- [auth-service] [kafka-admin-client-thread | auth-service-admin-0] org.apache.kafka.clients.NetworkClient   : [AdminClient clientId=auth-service-admin-0] Node -1 disconnected.
2025-08-10T12:12:33.386+05:30  WARN 15600 --- [auth-service] [kafka-admin-client-thread | auth-service-admin-0] org.apache.kafka.clients.NetworkClient   : [AdminClient clientId=auth-service-admin-0] Connection to node -1 (localhost/127.0.0.1:29092) could not be established. Node may not be available.
2025-08-10T12:12:34.492+05:30  INFO 15600 --- [auth-service] [kafka-admin-client-thread | auth-service-admin-0] org.apache.kafka.clients.NetworkClient   : [AdminClient clientId=auth-service-admin-0] Node -1 disconnected.
2025-08-10T12:12:34.492+05:30  WARN 15600 --- [auth-service] [kafka-admin-client-thread | auth-service-admin-0] org.apache.kafka.clients.NetworkClient   : [AdminClient clientId=auth-service-admin-0] Connection to node -1 (localhost/127.0.0.1:29092) could not be established. Node may not be available.
2025-08-10T12:12:35.576+05:30  INFO 15600 --- [auth-service] [kafka-admin-client-thread | auth-service-admin-0] org.apache.kafka.clients.NetworkClient   : [AdminClient clientId=auth-service-admin-0] Node -1 disconnected.
2025-08-10T12:12:35.578+05:30  WARN 15600 --- [auth-service] [kafka-admin-client-thread | auth-service-admin-0] org.apache.kafka.clients.NetworkClient   : [AdminClient clientId=auth-service-admin-0] Connection to node -1 (localhost/127.0.0.1:29092) could not be established. Node may not be available.
2025-08-10T12:12:36.679+05:30  INFO 15600 --- [auth-service] [kafka-admin-client-thread | auth-service-admin-0] org.apache.kafka.clients.NetworkClient   : [AdminClient clientId=auth-service-admin-0] Node -1 disconnected.
2025-08-10T12:12:36.681+05:30  WARN 15600 --- [auth-service] [kafka-admin-client-thread | auth-service-admin-0] org.apache.kafka.clients.NetworkClient   : [AdminClient clientId=auth-service-admin-0] Connection to node -1 (localhost/127.0.0.1:29092) could not be established. Node may not be available.
2025-08-10T12:12:37.762+05:30  INFO 15600 --- [auth-service] [kafka-admin-client-thread | auth-service-admin-0] org.apache.kafka.clients.NetworkClient   : [AdminClient clientId=auth-service-admin-0] Node -1 disconnected.
2025-08-10T12:12:37.762+05:30  WARN 15600 --- [auth-service] [kafka-admin-client-thread | auth-service-admin-0] org.apache.kafka.clients.NetworkClient   : [AdminClient clientId=auth-service-admin-0] Connection to node -1 (localhost/127.0.0.1:29092) could not be established. Node may not be available.
2025-08-10T12:12:38.767+05:30  INFO 15600 --- [auth-service] [kafka-admin-client-thread | auth-service-admin-0] org.apache.kafka.clients.NetworkClient   : [AdminClient clientId=auth-service-admin-0] Node -1 disconnected.
2025-08-10T12:12:38.769+05:30  WARN 15600 --- [auth-service] [kafka-admin-client-thread | auth-service-admin-0] org.apache.kafka.clients.NetworkClient   : [AdminClient clientId=auth-service-admin-0] Connection to node -1 (localhost/127.0.0.1:29092) could not be established. Node may not be available.
2025-08-10T12:12:39.823+05:30  INFO 15600 --- [auth-service] [kafka-admin-client-thread | auth-service-admin-0] org.apache.kafka.clients.NetworkClient   : [AdminClient clientId=auth-service-admin-0] Node -1 disconnected.
2025-08-10T12:12:39.833+05:30  WARN 15600 --- [auth-service] [kafka-admin-client-thread | auth-service-admin-0] org.apache.kafka.clients.NetworkClient   : [AdminClient clientId=auth-service-admin-0] Connection to node -1 (localhost/127.0.0.1:29092) could not be established. Node may not be available.
2025-08-10T12:12:41.034+05:30  INFO 15600 --- [auth-service] [kafka-admin-client-thread | auth-service-admin-0] org.apache.kafka.clients.NetworkClient   : [AdminClient clientId=auth-service-admin-0] Node -1 disconnected.
2025-08-10T12:12:41.048+05:30  WARN 15600 --- [auth-service] [kafka-admin-client-thread | auth-service-admin-0] org.apache.kafka.clients.NetworkClient   : [AdminClient clientId=auth-service-admin-0] Connection to node -1 (localhost/127.0.0.1:29092) could not be established. Node may not be available.
2025-08-10T12:12:42.211+05:30  INFO 15600 --- [auth-service] [kafka-admin-client-thread | auth-service-admin-0] org.apache.kafka.clients.NetworkClient   : [AdminClient clientId=auth-service-admin-0] Node -1 disconnected.
2025-08-10T12:12:42.213+05:30  WARN 15600 --- [auth-service] [kafka-admin-client-thread | auth-service-admin-0] org.apache.kafka.clients.NetworkClient   : [AdminClient clientId=auth-service-admin-0] Connection to node -1 (localhost/127.0.0.1:29092) could not be established. Node may not be available.
2025-08-10T12:12:43.240+05:30  INFO 15600 --- [auth-service] [kafka-admin-client-thread | auth-service-admin-0] org.apache.kafka.clients.NetworkClient   : [AdminClient clientId=auth-service-admin-0] Node -1 disconnected.
2025-08-10T12:12:43.243+05:30  WARN 15600 --- [auth-service] [kafka-admin-client-thread | auth-service-admin-0] org.apache.kafka.clients.NetworkClient   : [AdminClient clientId=auth-service-admin-0] Connection to node -1 (localhost/127.0.0.1:29092) could not be established. Node may not be available.
2025-08-10T12:12:44.233+05:30  INFO 15600 --- [auth-service] [kafka-admin-client-thread | auth-service-admin-0] org.apache.kafka.clients.NetworkClient   : [AdminClient clientId=auth-service-admin-0] Node -1 disconnected.
2025-08-10T12:12:44.235+05:30  WARN 15600 --- [auth-service] [kafka-admin-client-thread | auth-service-admin-0] org.apache.kafka.clients.NetworkClient   : [AdminClient clientId=auth-service-admin-0] Connection to node -1 (localhost/127.0.0.1:29092) could not be established. Node may not be available.
2025-08-10T12:12:45.336+05:30  INFO 15600 --- [auth-service] [kafka-admin-client-thread | auth-service-admin-0] org.apache.kafka.clients.NetworkClient   : [AdminClient clientId=auth-service-admin-0] Node -1 disconnected.
2025-08-10T12:12:45.336+05:30  WARN 15600 --- [auth-service] [kafka-admin-client-thread | auth-service-admin-0] org.apache.kafka.clients.NetworkClient   : [AdminClient clientId=auth-service-admin-0] Connection to node -1 (localhost/127.0.0.1:29092) could not be established. Node may not be available.
2025-08-10T12:12:46.257+05:30  INFO 15600 --- [auth-service] [kafka-admin-client-thread | auth-service-admin-0] org.apache.kafka.clients.NetworkClient   : [AdminClient clientId=auth-service-admin-0] Node -1 disconnected.
2025-08-10T12:12:46.259+05:30  WARN 15600 --- [auth-service] [kafka-admin-client-thread | auth-service-admin-0] org.apache.kafka.clients.NetworkClient   : [AdminClient clientId=auth-service-admin-0] Connection to node -1 (localhost/127.0.0.1:29092) could not be established. Node may not be available.
2025-08-10T12:12:47.296+05:30  INFO 15600 --- [auth-service] [kafka-admin-client-thread | auth-service-admin-0] org.apache.kafka.clients.NetworkClient   : [AdminClient clientId=auth-service-admin-0] Node -1 disconnected.
2025-08-10T12:12:47.322+05:30  WARN 15600 --- [auth-service] [kafka-admin-client-thread | auth-service-admin-0] org.apache.kafka.clients.NetworkClient   : [AdminClient clientId=auth-service-admin-0] Connection to node -1 (localhost/127.0.0.1:29092) could not be established. Node may not be available.
2025-08-10T12:12:47.718+05:30  INFO 15600 --- [auth-service] [kafka-admin-client-thread | auth-service-admin-0] o.a.k.c.a.i.AdminMetadataManager         : [AdminClient clientId=auth-service-admin-0] Metadata update failed

org.apache.kafka.common.errors.TimeoutException: Timed out waiting for a node assignment. Call: fetchMetadata

2025-08-10T12:12:47.702+05:30 ERROR 15600 --- [auth-service] [restartedMain] o.springframework.kafka.core.KafkaAdmin  : Could not configure topics

org.springframework.kafka.KafkaException: Timed out waiting to get existing topics
	at org.springframework.kafka.core.KafkaAdmin.lambda$checkPartitions$13(KafkaAdmin.java:571) ~[spring-kafka-3.3.7.jar:3.3.7]
	at java.base/java.util.HashMap.forEach(HashMap.java:1429) ~[na:na]
	at org.springframework.kafka.core.KafkaAdmin.checkPartitions(KafkaAdmin.java:550) ~[spring-kafka-3.3.7.jar:3.3.7]
	at org.springframework.kafka.core.KafkaAdmin.addOrModifyTopicsIfNeeded(KafkaAdmin.java:443) ~[spring-kafka-3.3.7.jar:3.3.7]
	at org.springframework.kafka.core.KafkaAdmin.initialize(KafkaAdmin.java:276) ~[spring-kafka-3.3.7.jar:3.3.7]
	at org.springframework.kafka.core.KafkaAdmin.afterSingletonsInstantiated(KafkaAdmin.java:245) ~[spring-kafka-3.3.7.jar:3.3.7]
	at org.springframework.beans.factory.support.DefaultListableBeanFactory.preInstantiateSingletons(DefaultListableBeanFactory.java:1150) ~[spring-beans-6.2.8.jar:6.2.8]
	at org.springframework.context.support.AbstractApplicationContext.finishBeanFactoryInitialization(AbstractApplicationContext.java:987) ~[spring-context-6.2.8.jar:6.2.8]
	at org.springframework.context.support.AbstractApplicationContext.refresh(AbstractApplicationContext.java:627) ~[spring-context-6.2.8.jar:6.2.8]
	at org.springframework.boot.web.reactive.context.ReactiveWebServerApplicationContext.refresh(ReactiveWebServerApplicationContext.java:66) ~[spring-boot-3.5.3.jar:3.5.3]
	at org.springframework.boot.SpringApplication.refresh(SpringApplication.java:752) ~[spring-boot-3.5.3.jar:3.5.3]
	at org.springframework.boot.SpringApplication.refreshContext(SpringApplication.java:439) ~[spring-boot-3.5.3.jar:3.5.3]
	at org.springframework.boot.SpringApplication.run(SpringApplication.java:318) ~[spring-boot-3.5.3.jar:3.5.3]
	at org.springframework.boot.SpringApplication.run(SpringApplication.java:1361) ~[spring-boot-3.5.3.jar:3.5.3]
	at org.springframework.boot.SpringApplication.run(SpringApplication.java:1350) ~[spring-boot-3.5.3.jar:3.5.3]
	at com.eduhub.auth_service.AuthServiceApplication.main(AuthServiceApplication.java:12) ~[classes/:na]
	at java.base/jdk.internal.reflect.DirectMethodHandleAccessor.invoke(DirectMethodHandleAccessor.java:103) ~[na:na]
	at java.base/java.lang.reflect.Method.invoke(Method.java:580) ~[na:na]
	at org.springframework.boot.devtools.restart.RestartLauncher.run(RestartLauncher.java:50) ~[spring-boot-devtools-3.5.3.jar:3.5.3]
Caused by: java.util.concurrent.TimeoutException: null
	at java.base/java.util.concurrent.CompletableFuture.timedGet(CompletableFuture.java:1960) ~[na:na]
	at java.base/java.util.concurrent.CompletableFuture.get(CompletableFuture.java:2095) ~[na:na]
	at org.apache.kafka.common.internals.KafkaFutureImpl.get(KafkaFutureImpl.java:183) ~[kafka-clients-3.9.1.jar:na]
	at org.springframework.kafka.core.KafkaAdmin.lambda$checkPartitions$13(KafkaAdmin.java:553) ~[spring-kafka-3.3.7.jar:3.3.7]
	... 18 common frames omitted

2025-08-10T12:12:48.347+05:30  INFO 15600 --- [auth-service] [kafka-admin-client-thread | auth-service-admin-0] org.apache.kafka.clients.NetworkClient   : [AdminClient clientId=auth-service-admin-0] Node -1 disconnected.
2025-08-10T12:12:48.350+05:30  WARN 15600 --- [auth-service] [kafka-admin-client-thread | auth-service-admin-0] org.apache.kafka.clients.NetworkClient   : [AdminClient clientId=auth-service-admin-0] Connection to node -1 (localhost/127.0.0.1:29092) could not be established. Node may not be available.
2025-08-10T12:12:49.345+05:30  INFO 15600 --- [auth-service] [kafka-admin-client-thread | auth-service-admin-0] org.apache.kafka.clients.NetworkClient   : [AdminClient clientId=auth-service-admin-0] Node -1 disconnected.
2025-08-10T12:12:49.345+05:30  WARN 15600 --- [auth-service] [kafka-admin-client-thread | auth-service-admin-0] org.apache.kafka.clients.NetworkClient   : [AdminClient clientId=auth-service-admin-0] Connection to node -1 (localhost/127.0.0.1:29092) could not be established. Node may not be available.
2025-08-10T12:12:50.348+05:30  INFO 15600 --- [auth-service] [kafka-admin-client-thread | auth-service-admin-0] org.apache.kafka.clients.NetworkClient   : [AdminClient clientId=auth-service-admin-0] Node -1 disconnected.
2025-08-10T12:12:50.348+05:30  WARN 15600 --- [auth-service] [kafka-admin-client-thread | auth-service-admin-0] org.apache.kafka.clients.NetworkClient   : [AdminClient clientId=auth-service-admin-0] Connection to node -1 (localhost/127.0.0.1:29092) could not be established. Node may not be available.
2025-08-10T12:12:51.358+05:30  INFO 15600 --- [auth-service] [kafka-admin-client-thread | auth-service-admin-0] org.apache.kafka.clients.NetworkClient   : [AdminClient clientId=auth-service-admin-0] Node -1 disconnected.
2025-08-10T12:12:51.358+05:30  WARN 15600 --- [auth-service] [kafka-admin-client-thread | auth-service-admin-0] org.apache.kafka.clients.NetworkClient   : [AdminClient clientId=auth-service-admin-0] Connection to node -1 (localhost/127.0.0.1:29092) could not be established. Node may not be available.
2025-08-10T12:12:52.374+05:30  INFO 15600 --- [auth-service] [kafka-admin-client-thread | auth-service-admin-0] org.apache.kafka.clients.NetworkClient   : [AdminClient clientId=auth-service-admin-0] Node -1 disconnected.
2025-08-10T12:12:52.378+05:30  WARN 15600 --- [auth-service] [kafka-admin-client-thread | auth-service-admin-0] org.apache.kafka.clients.NetworkClient   : [AdminClient clientId=auth-service-admin-0] Connection to node -1 (localhost/127.0.0.1:29092) could not be established. Node may not be available.
2025-08-10T12:12:53.355+05:30  INFO 15600 --- [auth-service] [kafka-admin-client-thread | auth-service-admin-0] org.apache.kafka.clients.NetworkClient   : [AdminClient clientId=auth-service-admin-0] Node -1 disconnected.
2025-08-10T12:12:53.355+05:30  WARN 15600 --- [auth-service] [kafka-admin-client-thread | auth-service-admin-0] org.apache.kafka.clients.NetworkClient   : [AdminClient clientId=auth-service-admin-0] Connection to node -1 (localhost/127.0.0.1:29092) could not be established. Node may not be available.
2025-08-10T12:12:54.446+05:30  INFO 15600 --- [auth-service] [kafka-admin-client-thread | auth-service-admin-0] org.apache.kafka.clients.NetworkClient   : [AdminClient clientId=auth-service-admin-0] Node -1 disconnected.
2025-08-10T12:12:54.454+05:30  WARN 15600 --- [auth-service] [kafka-admin-client-thread | auth-service-admin-0] org.apache.kafka.clients.NetworkClient   : [AdminClient clientId=auth-service-admin-0] Connection to node -1 (localhost/127.0.0.1:29092) could not be established. Node may not be available.
2025-08-10T12:12:55.444+05:30  INFO 15600 --- [auth-service] [kafka-admin-client-thread | auth-service-admin-0] org.apache.kafka.clients.NetworkClient   : [AdminClient clientId=auth-service-admin-0] Node -1 disconnected.
2025-08-10T12:12:55.444+05:30  WARN 15600 --- [auth-service] [kafka-admin-client-thread | auth-service-admin-0] org.apache.kafka.clients.NetworkClient   : [AdminClient clientId=auth-service-admin-0] Connection to node -1 (localhost/127.0.0.1:29092) could not be established. Node may not be available.
2025-08-10T12:12:56.522+05:30  INFO 15600 --- [auth-service] [kafka-admin-client-thread | auth-service-admin-0] org.apache.kafka.clients.NetworkClient   : [AdminClient clientId=auth-service-admin-0] Node -1 disconnected.
2025-08-10T12:12:56.522+05:30  WARN 15600 --- [auth-service] [kafka-admin-client-thread | auth-service-admin-0] org.apache.kafka.clients.NetworkClient   : [AdminClient clientId=auth-service-admin-0] Connection to node -1 (localhost/127.0.0.1:29092) could not be established. Node may not be available.
2025-08-10T12:12:57.517+05:30  INFO 15600 --- [auth-service] [kafka-admin-client-thread | auth-service-admin-0] org.apache.kafka.clients.NetworkClient   : [AdminClient clientId=auth-service-admin-0] Node -1 disconnected.
2025-08-10T12:12:57.518+05:30  WARN 15600 --- [auth-service] [kafka-admin-client-thread | auth-service-admin-0] org.apache.kafka.clients.NetworkClient   : [AdminClient clientId=auth-service-admin-0] Connection to node -1 (localhost/127.0.0.1:29092) could not be established. Node may not be available.
2025-08-10T12:12:57.766+05:30  INFO 15600 --- [auth-service] [kafka-admin-client-thread | auth-service-admin-0] o.a.k.clients.admin.KafkaAdminClient     : [AdminClient clientId=auth-service-admin-0] Forcing a hard I/O thread shutdown. Requests in progress will be aborted.
2025-08-10T12:12:57.770+05:30  INFO 15600 --- [auth-service] [kafka-admin-client-thread | auth-service-admin-0] o.a.kafka.common.utils.AppInfoParser     : App info kafka.admin.client for auth-service-admin-0 unregistered
2025-08-10T12:12:57.772+05:30  INFO 15600 --- [auth-service] [kafka-admin-client-thread | auth-service-admin-0] o.a.k.c.a.i.AdminMetadataManager         : [AdminClient clientId=auth-service-admin-0] Metadata update failed

org.apache.kafka.common.errors.TimeoutException: The AdminClient thread has exited. Call: fetchMetadata

2025-08-10T12:12:57.772+05:30  INFO 15600 --- [auth-service] [kafka-admin-client-thread | auth-service-admin-0] o.a.k.clients.admin.KafkaAdminClient     : [AdminClient clientId=auth-service-admin-0] Timed out 2 remaining operation(s) during close.
2025-08-10T12:12:57.783+05:30  INFO 15600 --- [auth-service] [kafka-admin-client-thread | auth-service-admin-0] o.apache.kafka.common.metrics.Metrics    : Metrics scheduler closed
2025-08-10T12:12:57.785+05:30  INFO 15600 --- [auth-service] [kafka-admin-client-thread | auth-service-admin-0] o.apache.kafka.common.metrics.Metrics    : Closing reporter org.apache.kafka.common.metrics.JmxReporter
2025-08-10T12:12:57.785+05:30  INFO 15600 --- [auth-service] [kafka-admin-client-thread | auth-service-admin-0] o.apache.kafka.common.metrics.Metrics    : Metrics reporters closed
2025-08-10T12:12:58.137+05:30  INFO 15600 --- [auth-service] [restartedMain] o.s.b.web.embedded.netty.NettyWebServer  : Netty started on port 8081 (http)
2025-08-10T12:12:58.196+05:30  INFO 15600 --- [auth-service] [restartedMain] c.e.auth_service.AuthServiceApplication  : Started AuthServiceApplication in 59.25 seconds (process running for 61.773)
2025-08-10T17:49:25.404+05:30  INFO 6368 --- [auth-service] [restartedMain] c.e.auth_service.AuthServiceApplication  : Starting AuthServiceApplication using Java 21.0.5 with PID 6368 (E:\DevOps\edu\backend\auth-service\target\classes started by smile in E:\DevOps\edu\backend\auth-service)
2025-08-10T17:49:25.408+05:30 DEBUG 6368 --- [auth-service] [restartedMain] c.e.auth_service.AuthServiceApplication  : Running with Spring Boot v3.5.3, Spring v6.2.8
2025-08-10T17:49:25.408+05:30  INFO 6368 --- [auth-service] [restartedMain] c.e.auth_service.AuthServiceApplication  : No active profile set, falling back to 1 default profile: "default"
2025-08-10T17:49:25.529+05:30  INFO 6368 --- [auth-service] [restartedMain] .e.DevToolsPropertyDefaultsPostProcessor : Devtools property defaults active! Set 'spring.devtools.add-properties' to 'false' to disable
2025-08-10T17:49:25.529+05:30  INFO 6368 --- [auth-service] [restartedMain] .e.DevToolsPropertyDefaultsPostProcessor : For additional web related logging consider setting the 'logging.level.web' property to 'DEBUG'
2025-08-10T17:49:27.500+05:30  INFO 6368 --- [auth-service] [restartedMain] .s.d.r.c.RepositoryConfigurationDelegate : Multiple Spring Data modules found, entering strict repository configuration mode
2025-08-10T17:49:27.500+05:30  INFO 6368 --- [auth-service] [restartedMain] .s.d.r.c.RepositoryConfigurationDelegate : Bootstrapping Spring Data R2DBC repositories in DEFAULT mode.
2025-08-10T17:49:27.727+05:30  INFO 6368 --- [auth-service] [restartedMain] .s.d.r.c.RepositoryConfigurationDelegate : Finished Spring Data repository scanning in 217 ms. Found 3 R2DBC repository interfaces.
2025-08-10T17:49:28.497+05:30  INFO 6368 --- [auth-service] [restartedMain] .s.d.r.c.RepositoryConfigurationDelegate : Multiple Spring Data modules found, entering strict repository configuration mode
2025-08-10T17:49:28.513+05:30  INFO 6368 --- [auth-service] [restartedMain] .s.d.r.c.RepositoryConfigurationDelegate : Bootstrapping Spring Data Redis repositories in DEFAULT mode.
2025-08-10T17:49:28.558+05:30  INFO 6368 --- [auth-service] [restartedMain] .RepositoryConfigurationExtensionSupport : Spring Data Redis - Could not safely identify store assignment for repository candidate interface com.eduhub.auth_service.repository.BlacklistedTokenRepository; If you want this repository to be a Redis repository, consider annotating your entities with one of these annotations: org.springframework.data.redis.core.RedisHash (preferred), or consider extending one of the following types with your repository: org.springframework.data.keyvalue.repository.KeyValueRepository
2025-08-10T17:49:28.558+05:30  INFO 6368 --- [auth-service] [restartedMain] .RepositoryConfigurationExtensionSupport : Spring Data Redis - Could not safely identify store assignment for repository candidate interface com.eduhub.auth_service.repository.OAuthUserRepository; If you want this repository to be a Redis repository, consider annotating your entities with one of these annotations: org.springframework.data.redis.core.RedisHash (preferred), or consider extending one of the following types with your repository: org.springframework.data.keyvalue.repository.KeyValueRepository
2025-08-10T17:49:28.560+05:30  INFO 6368 --- [auth-service] [restartedMain] .RepositoryConfigurationExtensionSupport : Spring Data Redis - Could not safely identify store assignment for repository candidate interface com.eduhub.auth_service.repository.UserRepository; If you want this repository to be a Redis repository, consider annotating your entities with one of these annotations: org.springframework.data.redis.core.RedisHash (preferred), or consider extending one of the following types with your repository: org.springframework.data.keyvalue.repository.KeyValueRepository
2025-08-10T17:49:28.561+05:30  INFO 6368 --- [auth-service] [restartedMain] .s.d.r.c.RepositoryConfigurationDelegate : Finished Spring Data repository scanning in 34 ms. Found 0 Redis repository interfaces.
2025-08-10T17:49:34.195+05:30  INFO 6368 --- [auth-service] [restartedMain] o.s.b.a.e.web.EndpointLinksResolver      : Exposing 3 endpoints beneath base path '/actuator'
2025-08-10T17:49:34.738+05:30  INFO 6368 --- [auth-service] [restartedMain] o.s.b.d.a.OptionalLiveReloadServer       : LiveReload server is running on port 35729
2025-08-10T17:49:35.063+05:30  INFO 6368 --- [auth-service] [restartedMain] o.a.k.clients.admin.AdminClientConfig    : AdminClientConfig values: 
	auto.include.jmx.reporter = true
	bootstrap.controllers = []
	bootstrap.servers = [localhost:29092]
	client.dns.lookup = use_all_dns_ips
	client.id = auth-service-admin-0
	connections.max.idle.ms = 300000
	default.api.timeout.ms = 60000
	enable.metrics.push = true
	metadata.max.age.ms = 300000
	metadata.recovery.strategy = none
	metric.reporters = []
	metrics.num.samples = 2
	metrics.recording.level = INFO
	metrics.sample.window.ms = 30000
	receive.buffer.bytes = 65536
	reconnect.backoff.max.ms = 1000
	reconnect.backoff.ms = 50
	request.timeout.ms = 30000
	retries = 2147483647
	retry.backoff.max.ms = 1000
	retry.backoff.ms = 100
	sasl.client.callback.handler.class = null
	sasl.jaas.config = null
	sasl.kerberos.kinit.cmd = /usr/bin/kinit
	sasl.kerberos.min.time.before.relogin = 60000
	sasl.kerberos.service.name = null
	sasl.kerberos.ticket.renew.jitter = 0.05
	sasl.kerberos.ticket.renew.window.factor = 0.8
	sasl.login.callback.handler.class = null
	sasl.login.class = null
	sasl.login.connect.timeout.ms = null
	sasl.login.read.timeout.ms = null
	sasl.login.refresh.buffer.seconds = 300
	sasl.login.refresh.min.period.seconds = 60
	sasl.login.refresh.window.factor = 0.8
	sasl.login.refresh.window.jitter = 0.05
	sasl.login.retry.backoff.max.ms = 10000
	sasl.login.retry.backoff.ms = 100
	sasl.mechanism = GSSAPI
	sasl.oauthbearer.clock.skew.seconds = 30
	sasl.oauthbearer.expected.audience = null
	sasl.oauthbearer.expected.issuer = null
	sasl.oauthbearer.header.urlencode = false
	sasl.oauthbearer.jwks.endpoint.refresh.ms = 3600000
	sasl.oauthbearer.jwks.endpoint.retry.backoff.max.ms = 10000
	sasl.oauthbearer.jwks.endpoint.retry.backoff.ms = 100
	sasl.oauthbearer.jwks.endpoint.url = null
	sasl.oauthbearer.scope.claim.name = scope
	sasl.oauthbearer.sub.claim.name = sub
	sasl.oauthbearer.token.endpoint.url = null
	security.protocol = PLAINTEXT
	security.providers = null
	send.buffer.bytes = 131072
	socket.connection.setup.timeout.max.ms = 30000
	socket.connection.setup.timeout.ms = 10000
	ssl.cipher.suites = null
	ssl.enabled.protocols = [TLSv1.2, TLSv1.3]
	ssl.endpoint.identification.algorithm = https
	ssl.engine.factory.class = null
	ssl.key.password = null
	ssl.keymanager.algorithm = SunX509
	ssl.keystore.certificate.chain = null
	ssl.keystore.key = null
	ssl.keystore.location = null
	ssl.keystore.password = null
	ssl.keystore.type = JKS
	ssl.protocol = TLSv1.3
	ssl.provider = null
	ssl.secure.random.implementation = null
	ssl.trustmanager.algorithm = PKIX
	ssl.truststore.certificates = null
	ssl.truststore.location = null
	ssl.truststore.password = null
	ssl.truststore.type = JKS

2025-08-10T17:49:35.360+05:30  INFO 6368 --- [auth-service] [restartedMain] o.a.kafka.common.utils.AppInfoParser     : Kafka version: 3.9.1
2025-08-10T17:49:35.362+05:30  INFO 6368 --- [auth-service] [restartedMain] o.a.kafka.common.utils.AppInfoParser     : Kafka commitId: f745dfdcee2b9851
2025-08-10T17:49:35.362+05:30  INFO 6368 --- [auth-service] [restartedMain] o.a.kafka.common.utils.AppInfoParser     : Kafka startTimeMs: 1754828375358
2025-08-10T17:49:36.201+05:30  INFO 6368 --- [auth-service] [kafka-admin-client-thread | auth-service-admin-0] o.a.kafka.common.utils.AppInfoParser     : App info kafka.admin.client for auth-service-admin-0 unregistered
2025-08-10T17:49:36.206+05:30  INFO 6368 --- [auth-service] [kafka-admin-client-thread | auth-service-admin-0] o.apache.kafka.common.metrics.Metrics    : Metrics scheduler closed
2025-08-10T17:49:36.206+05:30  INFO 6368 --- [auth-service] [kafka-admin-client-thread | auth-service-admin-0] o.apache.kafka.common.metrics.Metrics    : Closing reporter org.apache.kafka.common.metrics.JmxReporter
2025-08-10T17:49:36.206+05:30  INFO 6368 --- [auth-service] [kafka-admin-client-thread | auth-service-admin-0] o.apache.kafka.common.metrics.Metrics    : Metrics reporters closed
2025-08-10T17:49:36.340+05:30  INFO 6368 --- [auth-service] [restartedMain] o.s.b.web.embedded.netty.NettyWebServer  : Netty started on port 8081 (http)
2025-08-10T17:49:36.359+05:30  INFO 6368 --- [auth-service] [restartedMain] c.e.auth_service.AuthServiceApplication  : Started AuthServiceApplication in 12.188 seconds (process running for 13.692)
